[15-Mar-2019 18:52:29 UTC] PHP Fatal error:  Uncaught exception 'PDOException' with message 'SQLSTATE[42S22]: Column not found: 1054 Unknown column 'price' in 'where clause'' in /home/ubuntu/workspace/cst336/labs/lab6/api/getSearchResults.php:47
Stack trace:
#0 /home/ubuntu/workspace/cst336/labs/lab6/api/getSearchResults.php(47): PDOStatement->execute(Array)
#1 {main}
  thrown in /home/ubuntu/workspace/cst336/labs/lab6/api/getSearchResults.php on line 47
[15-Mar-2019 18:52:36 UTC] PHP Fatal error:  Uncaught exception 'PDOException' with message 'SQLSTATE[42S22]: Column not found: 1054 Unknown column 'price' in 'where clause'' in /home/ubuntu/workspace/cst336/labs/lab6/api/getSearchResults.php:47
Stack trace:
#0 /home/ubuntu/workspace/cst336/labs/lab6/api/getSearchResults.php(47): PDOStatement->execute(Array)
#1 {main}
  thrown in /home/ubuntu/workspace/cst336/labs/lab6/api/getSearchResults.php on line 47
[15-Mar-2019 18:52:37 UTC] PHP Fatal error:  Uncaught exception 'PDOException' with message 'SQLSTATE[42S22]: Column not found: 1054 Unknown column 'price' in 'where clause'' in /home/ubuntu/workspace/cst336/labs/lab6/api/getSearchResults.php:47
Stack trace:
#0 /home/ubuntu/workspace/cst336/labs/lab6/api/getSearchResults.php(47): PDOStatement->execute(Array)
#1 {main}
  thrown in /home/ubuntu/workspace/cst336/labs/lab6/api/getSearchResults.php on line 47
[15-Mar-2019 18:52:37 UTC] PHP Fatal error:  Uncaught exception 'PDOException' with message 'SQLSTATE[42S22]: Column not found: 1054 Unknown column 'price' in 'where clause'' in /home/ubuntu/workspace/cst336/labs/lab6/api/getSearchResults.php:47
Stack trace:
#0 /home/ubuntu/workspace/cst336/labs/lab6/api/getSearchResults.php(47): PDOStatement->execute(Array)
#1 {main}
  thrown in /home/ubuntu/workspace/cst336/labs/lab6/api/getSearchResults.php on line 47
[15-Mar-2019 18:52:38 UTC] PHP Fatal error:  Uncaught exception 'PDOException' with message 'SQLSTATE[42S22]: Column not found: 1054 Unknown column 'price' in 'where clause'' in /home/ubuntu/workspace/cst336/labs/lab6/api/getSearchResults.php:47
Stack trace:
#0 /home/ubuntu/workspace/cst336/labs/lab6/api/getSearchResults.php(47): PDOStatement->execute(Array)
#1 {main}
  thrown in /home/ubuntu/workspace/cst336/labs/lab6/api/getSearchResults.php on line 47
[15-Mar-2019 18:52:38 UTC] PHP Fatal error:  Uncaught exception 'PDOException' with message 'SQLSTATE[42S22]: Column not found: 1054 Unknown column 'price' in 'where clause'' in /home/ubuntu/workspace/cst336/labs/lab6/api/getSearchResults.php:47
Stack trace:
#0 /home/ubuntu/workspace/cst336/labs/lab6/api/getSearchResults.php(47): PDOStatement->execute(Array)
#1 {main}
  thrown in /home/ubuntu/workspace/cst336/labs/lab6/api/getSearchResults.php on line 47
[15-Mar-2019 18:52:38 UTC] PHP Fatal error:  Uncaught exception 'PDOException' with message 'SQLSTATE[42S22]: Column not found: 1054 Unknown column 'price' in 'where clause'' in /home/ubuntu/workspace/cst336/labs/lab6/api/getSearchResults.php:47
Stack trace:
#0 /home/ubuntu/workspace/cst336/labs/lab6/api/getSearchResults.php(47): PDOStatement->execute(Array)
#1 {main}
  thrown in /home/ubuntu/workspace/cst336/labs/lab6/api/getSearchResults.php on line 47
[15-Mar-2019 18:52:44 UTC] PHP Fatal error:  Uncaught exception 'PDOException' with message 'SQLSTATE[42S22]: Column not found: 1054 Unknown column 'price' in 'where clause'' in /home/ubuntu/workspace/cst336/labs/lab6/api/getSearchResults.php:47
Stack trace:
#0 /home/ubuntu/workspace/cst336/labs/lab6/api/getSearchResults.php(47): PDOStatement->execute(Array)
#1 {main}
  thrown in /home/ubuntu/workspace/cst336/labs/lab6/api/getSearchResults.php on line 47
[15-Mar-2019 18:52:46 UTC] PHP Fatal error:  Uncaught exception 'PDOException' with message 'SQLSTATE[42S22]: Column not found: 1054 Unknown column 'price' in 'where clause'' in /home/ubuntu/workspace/cst336/labs/lab6/api/getSearchResults.php:47
Stack trace:
#0 /home/ubuntu/workspace/cst336/labs/lab6/api/getSearchResults.php(47): PDOStatement->execute(Array)
#1 {main}
  thrown in /home/ubuntu/workspace/cst336/labs/lab6/api/getSearchResults.php on line 47
[15-Mar-2019 18:52:47 UTC] PHP Fatal error:  Uncaught exception 'PDOException' with message 'SQLSTATE[42S22]: Column not found: 1054 Unknown column 'price' in 'where clause'' in /home/ubuntu/workspace/cst336/labs/lab6/api/getSearchResults.php:47
Stack trace:
#0 /home/ubuntu/workspace/cst336/labs/lab6/api/getSearchResults.php(47): PDOStatement->execute(Array)
#1 {main}
  thrown in /home/ubuntu/workspace/cst336/labs/lab6/api/getSearchResults.php on line 47
[15-Mar-2019 18:52:47 UTC] PHP Fatal error:  Uncaught exception 'PDOException' with message 'SQLSTATE[42S22]: Column not found: 1054 Unknown column 'price' in 'where clause'' in /home/ubuntu/workspace/cst336/labs/lab6/api/getSearchResults.php:47
Stack trace:
#0 /home/ubuntu/workspace/cst336/labs/lab6/api/getSearchResults.php(47): PDOStatement->execute(Array)
#1 {main}
  thrown in /home/ubuntu/workspace/cst336/labs/lab6/api/getSearchResults.php on line 47
[15-Mar-2019 18:52:47 UTC] PHP Fatal error:  Uncaught exception 'PDOException' with message 'SQLSTATE[42S22]: Column not found: 1054 Unknown column 'price' in 'where clause'' in /home/ubuntu/workspace/cst336/labs/lab6/api/getSearchResults.php:47
Stack trace:
#0 /home/ubuntu/workspace/cst336/labs/lab6/api/getSearchResults.php(47): PDOStatement->execute(Array)
#1 {main}
  thrown in /home/ubuntu/workspace/cst336/labs/lab6/api/getSearchResults.php on line 47
[15-Mar-2019 18:52:48 UTC] PHP Fatal error:  Uncaught exception 'PDOException' with message 'SQLSTATE[42S22]: Column not found: 1054 Unknown column 'price' in 'where clause'' in /home/ubuntu/workspace/cst336/labs/lab6/api/getSearchResults.php:47
Stack trace:
#0 /home/ubuntu/workspace/cst336/labs/lab6/api/getSearchResults.php(47): PDOStatement->execute(Array)
#1 {main}
  thrown in /home/ubuntu/workspace/cst336/labs/lab6/api/getSearchResults.php on line 47
[15-Mar-2019 18:53:39 UTC] PHP Fatal error:  Uncaught exception 'PDOException' with message 'SQLSTATE[42S22]: Column not found: 1054 Unknown column 'price' in 'where clause'' in /home/ubuntu/workspace/cst336/labs/lab6/api/getSearchResults.php:47
Stack trace:
#0 /home/ubuntu/workspace/cst336/labs/lab6/api/getSearchResults.php(47): PDOStatement->execute(Array)
#1 {main}
  thrown in /home/ubuntu/workspace/cst336/labs/lab6/api/getSearchResults.php on line 47
[15-Mar-2019 18:53:40 UTC] PHP Fatal error:  Uncaught exception 'PDOException' with message 'SQLSTATE[42S22]: Column not found: 1054 Unknown column 'price' in 'where clause'' in /home/ubuntu/workspace/cst336/labs/lab6/api/getSearchResults.php:47
Stack trace:
#0 /home/ubuntu/workspace/cst336/labs/lab6/api/getSearchResults.php(47): PDOStatement->execute(Array)
#1 {main}
  thrown in /home/ubuntu/workspace/cst336/labs/lab6/api/getSearchResults.php on line 47
[15-Mar-2019 18:53:40 UTC] PHP Fatal error:  Uncaught exception 'PDOException' with message 'SQLSTATE[42S22]: Column not found: 1054 Unknown column 'price' in 'where clause'' in /home/ubuntu/workspace/cst336/labs/lab6/api/getSearchResults.php:47
Stack trace:
#0 /home/ubuntu/workspace/cst336/labs/lab6/api/getSearchResults.php(47): PDOStatement->execute(Array)
#1 {main}
  thrown in /home/ubuntu/workspace/cst336/labs/lab6/api/getSearchResults.php on line 47
[15-Mar-2019 18:53:40 UTC] PHP Fatal error:  Uncaught exception 'PDOException' with message 'SQLSTATE[42S22]: Column not found: 1054 Unknown column 'price' in 'where clause'' in /home/ubuntu/workspace/cst336/labs/lab6/api/getSearchResults.php:47
Stack trace:
#0 /home/ubuntu/workspace/cst336/labs/lab6/api/getSearchResults.php(47): PDOStatement->execute(Array)
#1 {main}
  thrown in /home/ubuntu/workspace/cst336/labs/lab6/api/getSearchResults.php on line 47
[15-Mar-2019 18:54:17 UTC] PHP Fatal error:  Uncaught exception 'PDOException' with message 'SQLSTATE[42S22]: Column not found: 1054 Unknown column 'price' in 'where clause'' in /home/ubuntu/workspace/cst336/labs/lab6/api/getSearchResults.php:47
Stack trace:
#0 /home/ubuntu/workspace/cst336/labs/lab6/api/getSearchResults.php(47): PDOStatement->execute(Array)
#1 {main}
  thrown in /home/ubuntu/workspace/cst336/labs/lab6/api/getSearchResults.php on line 47
[15-Mar-2019 18:54:18 UTC] PHP Fatal error:  Uncaught exception 'PDOException' with message 'SQLSTATE[42S22]: Column not found: 1054 Unknown column 'price' in 'where clause'' in /home/ubuntu/workspace/cst336/labs/lab6/api/getSearchResults.php:47
Stack trace:
#0 /home/ubuntu/workspace/cst336/labs/lab6/api/getSearchResults.php(47): PDOStatement->execute(Array)
#1 {main}
  thrown in /home/ubuntu/workspace/cst336/labs/lab6/api/getSearchResults.php on line 47
[15-Mar-2019 18:54:19 UTC] PHP Fatal error:  Uncaught exception 'PDOException' with message 'SQLSTATE[42S22]: Column not found: 1054 Unknown column 'price' in 'where clause'' in /home/ubuntu/workspace/cst336/labs/lab6/api/getSearchResults.php:47
Stack trace:
#0 /home/ubuntu/workspace/cst336/labs/lab6/api/getSearchResults.php(47): PDOStatement->execute(Array)
#1 {main}
  thrown in /home/ubuntu/workspace/cst336/labs/lab6/api/getSearchResults.php on line 47
[15-Mar-2019 18:54:19 UTC] PHP Fatal error:  Uncaught exception 'PDOException' with message 'SQLSTATE[42S22]: Column not found: 1054 Unknown column 'price' in 'where clause'' in /home/ubuntu/workspace/cst336/labs/lab6/api/getSearchResults.php:47
Stack trace:
#0 /home/ubuntu/workspace/cst336/labs/lab6/api/getSearchResults.php(47): PDOStatement->execute(Array)
#1 {main}
  thrown in /home/ubuntu/workspace/cst336/labs/lab6/api/getSearchResults.php on line 47
[02-Apr-2019 23:42:11 UTC] PHP Fatal error:  Uncaught exception 'PDOException' with message 'SQLSTATE[42000]: Syntax error or access violation: 1327 Undeclared variable: 10s' in /home/ubuntu/workspace/cst336/labs/lab6/api/getProducts.php:16
Stack trace:
#0 /home/ubuntu/workspace/cst336/labs/lab6/api/getProducts.php(16): PDOStatement->execute()
#1 {main}
  thrown in /home/ubuntu/workspace/cst336/labs/lab6/api/getProducts.php on line 16
[11-Apr-2019 23:06:12 UTC] PHP Fatal error:  Call to a member function prepare() on a non-object in /home/ubuntu/workspace/cst336/labs/lab6/api/getProducts.php on line 18
[11-Apr-2019 23:06:12 UTC] PHP Stack trace:
[11-Apr-2019 23:06:12 UTC] PHP   1. {main}() /home/ubuntu/workspace/cst336/labs/lab6/api/getProducts.php:0
[11-Apr-2019 23:06:36 UTC] PHP Fatal error:  Call to a member function prepare() on a non-object in /home/ubuntu/workspace/cst336/labs/lab6/api/getProducts.php on line 18
[11-Apr-2019 23:06:36 UTC] PHP Stack trace:
[11-Apr-2019 23:06:36 UTC] PHP   1. {main}() /home/ubuntu/workspace/cst336/labs/lab6/api/getProducts.php:0
